<?xml version="1.0" encoding="UTF-8"?>
<!-- Generated by org.testng.reporters.JUnitReportReporter -->
<testsuite hostname="govind-Vostro-15-3568" failures="0" tests="1" name="testNGTestCases.EditLead" time="32.557" errors="0" timestamp="2022-08-29T11:48:54 IST" skipped="0">
  <testcase classname="testNGTestCases.EditLead" name="editLead" time="32.557"/>
  <system-out/>
</testsuite> <!-- testNGTestCases.EditLead -->
