<?xml version="1.0" encoding="UTF-8"?>
<!-- Generated by org.testng.reporters.JUnitReportReporter -->
<testsuite hostname="govind-Vostro-15-3568" failures="0" tests="1" name="testNGTestCases.CreateLeadextends" time="16.830" errors="0" timestamp="2022-07-16T12:22:43 IST" skipped="0">
  <testcase classname="testNGTestCases.CreateLeadextends" name="createlead" time="16.830"/>
  <system-out/>
</testsuite> <!-- testNGTestCases.CreateLeadextends -->
