<?xml version="1.0" encoding="UTF-8"?>
<!-- Generated by org.testng.reporters.JUnitReportReporter -->
<testsuite hostname="govind-Vostro-15-3568" failures="0" tests="1" name="testNGTestCases.CreateLeadTestCase" time="12.735" errors="0" timestamp="2022-09-01T01:41:11 IST" skipped="0">
  <testcase classname="testNGTestCases.CreateLeadTestCase" name="CreateLead" time="12.735"/>
  <system-out/>
</testsuite> <!-- testNGTestCases.CreateLeadTestCase -->
