<?xml version="1.0" encoding="UTF-8"?>
<!-- Generated by org.testng.reporters.JUnitReportReporter -->
<testsuite hostname="govind-Vostro-15-3568" failures="0" tests="6" name="learnAttributes.Attributes1" time="0.019" errors="0" timestamp="2022-09-03T15:57:50 IST" skipped="1">
  <testcase classname="learnAttributes.Attributes1" name="createLead" time="0.013"/>
  <system-out/>
  <testcase classname="learnAttributes.Attributes1" name="deleteLead" time="0.001"/>
  <system-out/>
  <testcase classname="learnAttributes.Attributes1" name="logins" time="0.002"/>
  <system-out/>
  <testcase classname="learnAttributes.Attributes1" name="duplicateLead" time="0.002"/>
  <system-out/>
  <testcase classname="learnAttributes.Attributes1" name="login" time="0.001"/>
  <system-out/>
  <testcase classname="learnAttributes.Attributes1" name="editLead">
    <skipped/>
  </testcase> <!-- editLead -->
  <system-out/>
</testsuite> <!-- learnAttributes.Attributes1 -->
